<?xml version="1.0" encoding="UTF-8"?>
<testng-results skipped="0" failed="0" total="3" passed="3">
  <reporter-output>
  </reporter-output>
  <suite name="demoSuit" duration-ms="270" started-at="2015-11-09T04:39:33Z" finished-at="2015-11-09T04:39:34Z">
    <groups>
    </groups>
    <test name="Ft" duration-ms="270" started-at="2015-11-09T04:39:33Z" finished-at="2015-11-09T04:39:34Z">
      <class name="test.DataproviderTest">
        <test-method status="PASS" signature="setData(java.lang.String, java.lang.String)[pri:0, instance:test.DataproviderTest@20b0b3b0]" name="setData" duration-ms="10" started-at="2015-11-09T10:09:33Z" data-provider="getData" finished-at="2015-11-09T10:09:34Z">
          <params>
            <param index="0">
              <value>
                <![CDATA[aloksingh763]]>
              </value>
            </param>
            <param index="1">
              <value>
                <![CDATA[aloksingh789]]>
              </value>
            </param>
          </params>
          <reporter-output>
          </reporter-output>
        </test-method> <!-- setData -->
        <test-method status="PASS" signature="setData(java.lang.String, java.lang.String)[pri:0, instance:test.DataproviderTest@20b0b3b0]" name="setData" duration-ms="10" started-at="2015-11-09T10:09:34Z" data-provider="getData" finished-at="2015-11-09T10:09:34Z">
          <params>
            <param index="0">
              <value>
                <![CDATA[aloksingh763]]>
              </value>
            </param>
            <param index="1">
              <value>
                <![CDATA[aloksingh789]]>
              </value>
            </param>
          </params>
          <reporter-output>
          </reporter-output>
        </test-method> <!-- setData -->
        <test-method status="PASS" signature="setData(java.lang.String, java.lang.String)[pri:0, instance:test.DataproviderTest@20b0b3b0]" name="setData" duration-ms="0" started-at="2015-11-09T10:09:34Z" data-provider="getData" finished-at="2015-11-09T10:09:34Z">
          <params>
            <param index="0">
              <value>
                <![CDATA[aloksingh763]]>
              </value>
            </param>
            <param index="1">
              <value>
                <![CDATA[aloksingh789]]>
              </value>
            </param>
          </params>
          <reporter-output>
          </reporter-output>
        </test-method> <!-- setData -->
      </class> <!-- test.DataproviderTest -->
    </test> <!-- Ft -->
  </suite> <!-- demoSuit -->
</testng-results>
