<?xml version="1.0" encoding="UTF-8"?>
<testng-results skipped="0" failed="0" total="1" passed="1">
  <reporter-output>
  </reporter-output>
  <suite name="Default suite" duration-ms="88799" started-at="2015-11-17T06:24:47Z" finished-at="2015-11-17T06:26:15Z">
    <groups>
    </groups>
    <test name="Default test" duration-ms="88799" started-at="2015-11-17T06:24:47Z" finished-at="2015-11-17T06:26:15Z">
      <class name="selenium.AssignmentSecondFouthNovember">
        <test-method status="PASS" signature="initializeDriver()[pri:0, instance:selenium.AssignmentSecondFouthNovember@7546d205]" name="initializeDriver" is-config="true" duration-ms="28600" started-at="2015-11-17T11:54:47Z" finished-at="2015-11-17T11:55:15Z">
          <reporter-output>
          </reporter-output>
        </test-method> <!-- initializeDriver -->
        <test-method status="PASS" signature="assignmentTwo_juniperlink()[pri:0, instance:selenium.AssignmentSecondFouthNovember@7546d205]" name="assignmentTwo_juniperlink" duration-ms="60188" started-at="2015-11-17T11:55:15Z" finished-at="2015-11-17T11:56:15Z">
          <reporter-output>
          </reporter-output>
        </test-method> <!-- assignmentTwo_juniperlink -->
      </class> <!-- selenium.AssignmentSecondFouthNovember -->
    </test> <!-- Default test -->
  </suite> <!-- Default suite -->
</testng-results>
